2024-12-08 20:09:58 [JavaFX Application Thread] INFO  project.snakegame.Main - the program has started
2024-12-08 20:10:49 [JavaFX Application Thread] INFO  project.snakegame.Main - the program has started
2024-12-08 20:16:44 [JavaFX Application Thread] INFO  project.snakegame.Main - the program has started
2024-12-08 20:16:45 [JavaFX Application Thread] INFO  project.snakegame.Snake - changing the direction of the snake
2024-12-08 20:16:48 [JavaFX Application Thread] INFO  project.snakegame.Snake - changing the direction of the snake
2024-12-08 20:16:48 [JavaFX Application Thread] INFO  project.snakegame.Snake - changing the direction of the snake
2024-12-08 20:16:48 [JavaFX Application Thread] INFO  project.snakegame.Main - the snake ate the apple
2024-12-08 20:16:49 [JavaFX Application Thread] INFO  project.snakegame.Snake - changing the direction of the snake
2024-12-08 20:16:50 [JavaFX Application Thread] INFO  project.snakegame.Snake - changing the direction of the snake
2024-12-08 20:16:51 [JavaFX Application Thread] INFO  project.snakegame.Snake - changing the direction of the snake
2024-12-08 20:16:51 [JavaFX Application Thread] INFO  project.snakegame.Snake - changing the direction of the snake
2024-12-08 20:16:52 [JavaFX Application Thread] INFO  project.snakegame.Snake - changing the direction of the snake
2024-12-08 20:16:52 [JavaFX Application Thread] INFO  project.snakegame.Snake - changing the direction of the snake
2024-12-08 20:16:52 [JavaFX Application Thread] INFO  project.snakegame.Main - the snake ate the apple
2024-12-08 20:16:53 [JavaFX Application Thread] INFO  project.snakegame.Snake - changing the direction of the snake
2024-12-08 20:16:54 [JavaFX Application Thread] INFO  project.snakegame.Snake - changing the direction of the snake
2024-12-08 20:16:55 [JavaFX Application Thread] INFO  project.snakegame.Snake - changing the direction of the snake
2024-12-08 20:16:56 [JavaFX Application Thread] INFO  project.snakegame.Snake - changing the direction of the snake
2024-12-08 20:16:57 [JavaFX Application Thread] INFO  project.snakegame.Snake - changing the direction of the snake
2024-12-08 20:16:58 [JavaFX Application Thread] INFO  project.snakegame.Snake - changing the direction of the snake
2024-12-08 20:16:58 [JavaFX Application Thread] INFO  project.snakegame.Main - the snake ate the apple
2024-12-08 20:16:59 [JavaFX Application Thread] INFO  project.snakegame.Snake - changing the direction of the snake
2024-12-08 20:17:00 [JavaFX Application Thread] INFO  project.snakegame.Snake - changing the direction of the snake
2024-12-08 20:17:01 [JavaFX Application Thread] INFO  project.snakegame.Snake - changing the direction of the snake
2024-12-08 20:17:02 [JavaFX Application Thread] INFO  project.snakegame.Snake - changing the direction of the snake
2024-12-08 20:17:03 [JavaFX Application Thread] INFO  project.snakegame.Snake - changing the direction of the snake
2024-12-08 20:17:03 [JavaFX Application Thread] INFO  project.snakegame.Main - the snake ate the apple
2024-12-08 20:17:05 [JavaFX Application Thread] INFO  project.snakegame.Snake - changing the direction of the snake
2024-12-08 20:17:06 [JavaFX Application Thread] INFO  project.snakegame.Snake - changing the direction of the snake
2024-12-08 20:17:06 [JavaFX Application Thread] INFO  project.snakegame.Main - the snake ate the apple
2024-12-08 20:17:07 [JavaFX Application Thread] INFO  project.snakegame.Snake - changing the direction of the snake
2024-12-08 20:17:07 [JavaFX Application Thread] INFO  project.snakegame.Snake - changing the direction of the snake
2024-12-08 20:17:07 [JavaFX Application Thread] INFO  project.snakegame.Snake - changing the direction of the snake
2024-12-08 20:17:07 [JavaFX Application Thread] INFO  project.snakegame.Main - the snake ate the apple
2024-12-08 20:17:08 [JavaFX Application Thread] INFO  project.snakegame.Snake - changing the direction of the snake
2024-12-08 20:17:08 [JavaFX Application Thread] INFO  project.snakegame.Snake - changing the direction of the snake
2024-12-08 20:17:09 [JavaFX Application Thread] INFO  project.snakegame.Snake - changing the direction of the snake
2024-12-08 20:17:09 [JavaFX Application Thread] INFO  project.snakegame.Main - the snake ate the apple
2024-12-08 20:17:10 [JavaFX Application Thread] INFO  project.snakegame.Snake - changing the direction of the snake
2024-12-08 20:17:10 [JavaFX Application Thread] INFO  project.snakegame.Snake - changing the direction of the snake
2024-12-08 20:17:10 [JavaFX Application Thread] INFO  project.snakegame.Snake - changing the direction of the snake
2024-12-08 20:17:10 [Thread-3] INFO  project.snakegame.Snake - the snake crashed into itself. The game is over
2024-12-08 20:17:10 [JavaFX Application Thread] INFO  project.snakegame.Snake - changing the direction of the snake
2024-12-08 20:19:05 [JavaFX Application Thread] INFO  project.snakegame.Main - the program has started
2024-12-08 20:19:06 [JavaFX Application Thread] INFO  project.snakegame.Snake - changing the direction of the snake
2024-12-08 20:19:06 [JavaFX Application Thread] INFO  project.snakegame.Snake - changing the direction of the snake
2024-12-08 20:19:07 [JavaFX Application Thread] INFO  project.snakegame.Snake - changing the direction of the snake
2024-12-08 20:19:09 [JavaFX Application Thread] ERROR project.snakegame.Main - error
2024-12-08 20:19:09 [JavaFX Application Thread] INFO  project.snakegame.Main - the snake ate the apple
2024-12-08 20:19:10 [JavaFX Application Thread] INFO  project.snakegame.Snake - changing the direction of the snake
2024-12-08 20:19:12 [JavaFX Application Thread] INFO  project.snakegame.Snake - changing the direction of the snake
2024-12-08 20:19:13 [JavaFX Application Thread] ERROR project.snakegame.Main - error
2024-12-08 20:19:13 [JavaFX Application Thread] INFO  project.snakegame.Main - the snake ate the apple
2024-12-08 20:19:13 [JavaFX Application Thread] INFO  project.snakegame.Snake - changing the direction of the snake
2024-12-08 20:19:14 [JavaFX Application Thread] INFO  project.snakegame.Snake - changing the direction of the snake
2024-12-08 20:19:15 [JavaFX Application Thread] ERROR project.snakegame.Main - error
2024-12-08 20:19:15 [JavaFX Application Thread] INFO  project.snakegame.Main - the snake ate the apple
2024-12-08 20:19:15 [JavaFX Application Thread] INFO  project.snakegame.Snake - changing the direction of the snake
2024-12-08 20:19:16 [JavaFX Application Thread] INFO  project.snakegame.Snake - changing the direction of the snake
2024-12-08 20:19:16 [JavaFX Application Thread] ERROR project.snakegame.Main - error
2024-12-08 20:19:16 [JavaFX Application Thread] INFO  project.snakegame.Main - the snake ate the apple
2024-12-08 20:19:17 [JavaFX Application Thread] INFO  project.snakegame.Snake - changing the direction of the snake
2024-12-08 20:19:17 [JavaFX Application Thread] INFO  project.snakegame.Snake - changing the direction of the snake
2024-12-08 20:19:17 [JavaFX Application Thread] INFO  project.snakegame.Snake - changing the direction of the snake
2024-12-08 20:19:17 [JavaFX Application Thread] INFO  project.snakegame.Snake - changing the direction of the snake
2024-12-08 20:19:17 [Thread-3] INFO  project.snakegame.Snake - the snake crashed into itself. The game is over
2024-12-08 20:19:17 [JavaFX Application Thread] INFO  project.snakegame.Snake - changing the direction of the snake
2024-12-08 20:19:20 [JavaFX Application Thread] INFO  project.snakegame.Snake - changing the direction of the snake
2024-12-08 20:19:21 [JavaFX Application Thread] INFO  project.snakegame.Snake - changing the direction of the snake
2024-12-08 20:19:21 [JavaFX Application Thread] INFO  project.snakegame.Snake - changing the direction of the snake
2024-12-08 20:19:21 [JavaFX Application Thread] INFO  project.snakegame.Snake - changing the direction of the snake
2024-12-08 20:19:21 [JavaFX Application Thread] INFO  project.snakegame.Snake - changing the direction of the snake
2024-12-08 20:19:22 [JavaFX Application Thread] INFO  project.snakegame.Snake - changing the direction of the snake
2024-12-08 20:19:22 [JavaFX Application Thread] INFO  project.snakegame.Snake - changing the direction of the snake
2024-12-08 20:19:22 [JavaFX Application Thread] INFO  project.snakegame.Snake - changing the direction of the snake
2024-12-08 20:19:22 [JavaFX Application Thread] INFO  project.snakegame.Snake - changing the direction of the snake
2024-12-08 20:19:23 [JavaFX Application Thread] INFO  project.snakegame.Snake - changing the direction of the snake
2024-12-08 20:19:23 [JavaFX Application Thread] INFO  project.snakegame.Snake - changing the direction of the snake
2024-12-08 20:19:23 [JavaFX Application Thread] INFO  project.snakegame.Snake - changing the direction of the snake
2024-12-08 20:19:23 [JavaFX Application Thread] INFO  project.snakegame.Snake - changing the direction of the snake
2024-12-08 20:19:24 [JavaFX Application Thread] INFO  project.snakegame.Snake - changing the direction of the snake
2024-12-08 20:19:24 [JavaFX Application Thread] INFO  project.snakegame.Snake - changing the direction of the snake
2024-12-08 20:19:24 [JavaFX Application Thread] INFO  project.snakegame.Snake - changing the direction of the snake
2024-12-08 20:19:25 [JavaFX Application Thread] INFO  project.snakegame.Snake - changing the direction of the snake
2024-12-08 20:19:25 [JavaFX Application Thread] INFO  project.snakegame.Snake - changing the direction of the snake
2024-12-08 20:19:25 [JavaFX Application Thread] INFO  project.snakegame.Snake - changing the direction of the snake
2024-12-08 20:21:36 [JavaFX Application Thread] INFO  project.snakegame.Main - the program has started
2024-12-08 20:21:37 [JavaFX Application Thread] INFO  project.snakegame.Snake - changing the direction of the snake
2024-12-08 20:21:37 [JavaFX Application Thread] INFO  project.snakegame.Snake - changing the direction of the snake
2024-12-08 20:21:38 [JavaFX Application Thread] INFO  project.snakegame.Snake - changing the direction of the snake
2024-12-08 20:21:39 [JavaFX Application Thread] INFO  project.snakegame.Snake - changing the direction of the snake
2024-12-08 20:21:40 [JavaFX Application Thread] INFO  project.snakegame.Snake - changing the direction of the snake
2024-12-08 20:21:40 [JavaFX Application Thread] INFO  project.snakegame.Snake - changing the direction of the snake
2024-12-08 20:21:41 [JavaFX Application Thread] INFO  project.snakegame.Snake - changing the direction of the snake
2024-12-08 20:21:42 [JavaFX Application Thread] INFO  project.snakegame.Snake - changing the direction of the snake
2024-12-08 20:21:42 [JavaFX Application Thread] INFO  project.snakegame.Snake - changing the direction of the snake
2024-12-08 20:21:43 [JavaFX Application Thread] INFO  project.snakegame.Snake - changing the direction of the snake
2024-12-08 20:21:43 [JavaFX Application Thread] INFO  project.snakegame.Snake - changing the direction of the snake
2024-12-08 20:21:43 [JavaFX Application Thread] INFO  project.snakegame.Snake - changing the direction of the snake
2024-12-08 20:21:44 [JavaFX Application Thread] INFO  project.snakegame.Snake - changing the direction of the snake
2024-12-08 20:21:44 [JavaFX Application Thread] INFO  project.snakegame.Snake - changing the direction of the snake
2024-12-08 20:21:45 [JavaFX Application Thread] INFO  project.snakegame.Snake - changing the direction of the snake
2024-12-08 20:21:45 [JavaFX Application Thread] INFO  project.snakegame.Snake - changing the direction of the snake
2024-12-08 20:21:45 [JavaFX Application Thread] INFO  project.snakegame.Snake - changing the direction of the snake
2024-12-08 20:21:45 [JavaFX Application Thread] INFO  project.snakegame.Snake - changing the direction of the snake
2024-12-08 20:21:46 [JavaFX Application Thread] INFO  project.snakegame.Snake - changing the direction of the snake
2024-12-08 20:21:47 [JavaFX Application Thread] INFO  project.snakegame.Snake - changing the direction of the snake
2024-12-08 20:21:47 [JavaFX Application Thread] INFO  project.snakegame.Snake - changing the direction of the snake
2024-12-08 20:21:47 [JavaFX Application Thread] INFO  project.snakegame.Snake - changing the direction of the snake
2024-12-08 20:21:47 [JavaFX Application Thread] INFO  project.snakegame.Snake - changing the direction of the snake
2024-12-08 20:21:48 [JavaFX Application Thread] INFO  project.snakegame.Snake - changing the direction of the snake
2024-12-08 20:21:48 [JavaFX Application Thread] INFO  project.snakegame.Snake - changing the direction of the snake
2024-12-08 20:21:48 [JavaFX Application Thread] INFO  project.snakegame.Snake - changing the direction of the snake
2024-12-08 20:21:49 [JavaFX Application Thread] INFO  project.snakegame.Snake - changing the direction of the snake
2024-12-08 20:21:49 [JavaFX Application Thread] INFO  project.snakegame.Snake - changing the direction of the snake
2024-12-08 20:21:49 [JavaFX Application Thread] INFO  project.snakegame.Snake - changing the direction of the snake
2024-12-08 20:22:06 [JavaFX Application Thread] INFO  project.snakegame.Main - the program has started
2024-12-08 20:22:07 [JavaFX Application Thread] INFO  project.snakegame.Snake - changing the direction of the snake
2024-12-08 20:22:07 [JavaFX Application Thread] INFO  project.snakegame.Snake - changing the direction of the snake
2024-12-08 20:22:08 [JavaFX Application Thread] INFO  project.snakegame.Snake - changing the direction of the snake
2024-12-08 20:22:08 [JavaFX Application Thread] INFO  project.snakegame.Snake - changing the direction of the snake
2024-12-08 20:22:08 [JavaFX Application Thread] INFO  project.snakegame.Main - the snake ate the apple
2024-12-08 20:22:10 [JavaFX Application Thread] INFO  project.snakegame.Snake - changing the direction of the snake
2024-12-08 20:22:11 [JavaFX Application Thread] INFO  project.snakegame.Snake - changing the direction of the snake
2024-12-08 20:22:11 [JavaFX Application Thread] INFO  project.snakegame.Main - the snake ate the apple
2024-12-08 20:22:11 [JavaFX Application Thread] INFO  project.snakegame.Snake - changing the direction of the snake
2024-12-08 20:22:12 [JavaFX Application Thread] INFO  project.snakegame.Snake - changing the direction of the snake
2024-12-08 20:22:12 [JavaFX Application Thread] INFO  project.snakegame.Snake - changing the direction of the snake
2024-12-08 20:22:12 [JavaFX Application Thread] INFO  project.snakegame.Snake - changing the direction of the snake
2024-12-08 20:22:12 [Thread-3] INFO  project.snakegame.Snake - the snake crashed into itself. The game is over
2024-12-08 20:42:59 [main] INFO  project.snakegame.Snake - changing the direction of the snake
2024-12-08 20:43:12 [main] INFO  project.snakegame.Snake - changing the direction of the snake
2024-12-08 20:44:06 [main] INFO  project.snakegame.Snake - changing the direction of the snake
2024-12-08 20:44:06 [main] INFO  project.snakegame.Snake - the snake crashed into itself. The game is over
2024-12-08 20:44:06 [main] INFO  project.snakegame.Snake - changing the direction of the snake
2024-12-08 20:44:06 [main] INFO  project.snakegame.Snake - the snake crashed into itself. The game is over
2024-12-08 20:44:06 [main] INFO  project.snakegame.Snake - changing the direction of the snake
2024-12-08 20:44:06 [main] INFO  project.snakegame.Snake - changing the direction of the snake
2024-12-08 20:44:06 [main] INFO  project.snakegame.Snake - changing the direction of the snake
2024-12-08 21:05:41 [JavaFX Application Thread] INFO  project.snakegame.Main - the program has started
2024-12-08 21:05:42 [JavaFX Application Thread] INFO  project.snakegame.Snake - changing the direction of the snake
2024-12-08 21:05:44 [JavaFX Application Thread] INFO  project.snakegame.Snake - changing the direction of the snake
2024-12-08 21:05:44 [JavaFX Application Thread] INFO  project.snakegame.Main - the snake ate the apple
2024-12-08 21:05:45 [JavaFX Application Thread] INFO  project.snakegame.Snake - changing the direction of the snake
2024-12-08 21:05:45 [JavaFX Application Thread] INFO  project.snakegame.Snake - changing the direction of the snake
2024-12-08 21:05:46 [JavaFX Application Thread] INFO  project.snakegame.Snake - changing the direction of the snake
2024-12-08 21:05:46 [JavaFX Application Thread] INFO  project.snakegame.Main - the snake ate the apple
2024-12-08 21:05:46 [JavaFX Application Thread] INFO  project.snakegame.Snake - changing the direction of the snake
2024-12-08 21:05:46 [JavaFX Application Thread] INFO  project.snakegame.Snake - changing the direction of the snake
2024-12-08 21:05:47 [JavaFX Application Thread] INFO  project.snakegame.Snake - changing the direction of the snake
2024-12-08 21:05:47 [JavaFX Application Thread] INFO  project.snakegame.Snake - changing the direction of the snake
2024-12-08 21:05:48 [JavaFX Application Thread] INFO  project.snakegame.Main - the snake ate the apple
2024-12-08 21:05:48 [JavaFX Application Thread] INFO  project.snakegame.Snake - changing the direction of the snake
2024-12-08 21:05:48 [JavaFX Application Thread] INFO  project.snakegame.Snake - changing the direction of the snake
2024-12-08 21:05:49 [JavaFX Application Thread] INFO  project.snakegame.Snake - changing the direction of the snake
2024-12-08 21:05:50 [JavaFX Application Thread] INFO  project.snakegame.Snake - changing the direction of the snake
2024-12-08 21:05:50 [JavaFX Application Thread] INFO  project.snakegame.Main - the snake ate the apple
2024-12-08 21:05:50 [JavaFX Application Thread] INFO  project.snakegame.Snake - changing the direction of the snake
2024-12-08 21:05:51 [JavaFX Application Thread] INFO  project.snakegame.Snake - changing the direction of the snake
2024-12-08 21:05:51 [JavaFX Application Thread] INFO  project.snakegame.Snake - changing the direction of the snake
2024-12-08 21:05:51 [JavaFX Application Thread] INFO  project.snakegame.Snake - changing the direction of the snake
2024-12-08 21:05:52 [JavaFX Application Thread] INFO  project.snakegame.Snake - changing the direction of the snake
2024-12-08 21:05:54 [JavaFX Application Thread] INFO  project.snakegame.Main - the snake ate the apple
2024-12-08 21:05:54 [JavaFX Application Thread] INFO  project.snakegame.Snake - changing the direction of the snake
2024-12-08 21:05:54 [JavaFX Application Thread] INFO  project.snakegame.Snake - changing the direction of the snake
2024-12-08 21:05:54 [JavaFX Application Thread] INFO  project.snakegame.Snake - changing the direction of the snake
2024-12-08 21:05:54 [JavaFX Application Thread] INFO  project.snakegame.Snake - changing the direction of the snake
2024-12-08 21:05:55 [Thread-3] INFO  project.snakegame.Snake - the snake crashed into itself. The game is over
2024-12-08 21:05:57 [JavaFX Application Thread] INFO  project.snakegame.Snake - changing the direction of the snake
2024-12-08 21:05:57 [JavaFX Application Thread] INFO  project.snakegame.Snake - changing the direction of the snake
2024-12-08 21:05:57 [JavaFX Application Thread] INFO  project.snakegame.Snake - changing the direction of the snake
2024-12-08 21:05:58 [JavaFX Application Thread] INFO  project.snakegame.Snake - changing the direction of the snake
2024-12-08 21:05:58 [JavaFX Application Thread] INFO  project.snakegame.Snake - changing the direction of the snake
2024-12-08 21:05:58 [JavaFX Application Thread] INFO  project.snakegame.Snake - changing the direction of the snake
2024-12-08 21:05:58 [JavaFX Application Thread] INFO  project.snakegame.Snake - changing the direction of the snake
2024-12-08 21:05:58 [JavaFX Application Thread] INFO  project.snakegame.Snake - changing the direction of the snake
2024-12-08 21:28:47 [JavaFX Application Thread] INFO  project.snakegame.Main - the program has started with difficulty: Легкий
2024-12-08 21:28:49 [JavaFX Application Thread] INFO  project.snakegame.Snake - changing the direction of the snake
2024-12-08 21:28:49 [JavaFX Application Thread] INFO  project.snakegame.Snake - changing the direction of the snake
2024-12-08 21:28:51 [JavaFX Application Thread] INFO  project.snakegame.Snake - changing the direction of the snake
2024-12-08 21:28:53 [JavaFX Application Thread] INFO  project.snakegame.Snake - changing the direction of the snake
2024-12-08 21:28:53 [JavaFX Application Thread] INFO  project.snakegame.Main - the snake ate the apple
2024-12-08 21:29:06 [JavaFX Application Thread] INFO  project.snakegame.Main - the program has started with difficulty: Сложный
2024-12-08 21:29:08 [JavaFX Application Thread] INFO  project.snakegame.Snake - changing the direction of the snake
2024-12-08 21:29:09 [JavaFX Application Thread] INFO  project.snakegame.Snake - changing the direction of the snake
2024-12-08 21:29:10 [JavaFX Application Thread] INFO  project.snakegame.Snake - changing the direction of the snake
2024-12-08 21:29:11 [JavaFX Application Thread] INFO  project.snakegame.Snake - changing the direction of the snake
2024-12-08 21:29:11 [JavaFX Application Thread] INFO  project.snakegame.Snake - changing the direction of the snake
2024-12-08 21:29:11 [JavaFX Application Thread] INFO  project.snakegame.Snake - changing the direction of the snake
2024-12-08 21:29:11 [JavaFX Application Thread] INFO  project.snakegame.Main - the snake ate the apple
2024-12-08 21:29:12 [JavaFX Application Thread] INFO  project.snakegame.Snake - changing the direction of the snake
2024-12-08 21:29:13 [JavaFX Application Thread] INFO  project.snakegame.Snake - changing the direction of the snake
2024-12-08 21:29:14 [JavaFX Application Thread] INFO  project.snakegame.Main - the snake ate the apple
2024-12-08 21:29:14 [JavaFX Application Thread] INFO  project.snakegame.Snake - changing the direction of the snake
2024-12-08 21:29:14 [JavaFX Application Thread] INFO  project.snakegame.Snake - changing the direction of the snake
2024-12-08 21:29:15 [JavaFX Application Thread] INFO  project.snakegame.Snake - changing the direction of the snake
2024-12-08 21:29:15 [JavaFX Application Thread] INFO  project.snakegame.Main - the snake ate the apple
2024-12-08 21:29:16 [JavaFX Application Thread] INFO  project.snakegame.Snake - changing the direction of the snake
2024-12-08 21:29:16 [JavaFX Application Thread] INFO  project.snakegame.Snake - changing the direction of the snake
2024-12-08 21:29:17 [JavaFX Application Thread] INFO  project.snakegame.Snake - changing the direction of the snake
2024-12-08 21:29:17 [JavaFX Application Thread] INFO  project.snakegame.Main - the snake ate the apple
2024-12-08 21:29:18 [JavaFX Application Thread] INFO  project.snakegame.Snake - changing the direction of the snake
2024-12-08 21:29:18 [JavaFX Application Thread] INFO  project.snakegame.Snake - changing the direction of the snake
2024-12-08 21:29:18 [JavaFX Application Thread] INFO  project.snakegame.Snake - changing the direction of the snake
2024-12-08 21:29:19 [JavaFX Application Thread] INFO  project.snakegame.Snake - changing the direction of the snake
2024-12-08 21:29:19 [Thread-3] INFO  project.snakegame.Snake - the snake crashed into itself. The game is over
2024-12-09 13:12:47 [JavaFX Application Thread] INFO  project.snakegame.Main - the program has started with difficulty: Сложный
2024-12-09 13:12:48 [JavaFX Application Thread] INFO  project.snakegame.Snake - changing the direction of the snake
2024-12-09 13:12:49 [JavaFX Application Thread] INFO  project.snakegame.Snake - changing the direction of the snake
2024-12-09 13:12:49 [JavaFX Application Thread] INFO  project.snakegame.Snake - changing the direction of the snake
2024-12-09 13:12:49 [JavaFX Application Thread] INFO  project.snakegame.Snake - changing the direction of the snake
2024-12-09 13:12:50 [JavaFX Application Thread] INFO  project.snakegame.Snake - changing the direction of the snake
2024-12-09 13:12:50 [JavaFX Application Thread] INFO  project.snakegame.Main - the snake ate the apple
2024-12-09 13:12:50 [JavaFX Application Thread] INFO  project.snakegame.Main - the snake ate the apple
2024-12-09 13:12:51 [JavaFX Application Thread] INFO  project.snakegame.Snake - changing the direction of the snake
2024-12-09 13:12:51 [JavaFX Application Thread] INFO  project.snakegame.Snake - changing the direction of the snake
2024-12-09 13:12:52 [JavaFX Application Thread] INFO  project.snakegame.Snake - changing the direction of the snake
2024-12-09 13:12:52 [JavaFX Application Thread] INFO  project.snakegame.Snake - changing the direction of the snake
2024-12-09 13:12:53 [JavaFX Application Thread] INFO  project.snakegame.Snake - changing the direction of the snake
2024-12-09 13:12:53 [JavaFX Application Thread] INFO  project.snakegame.Main - the snake ate the apple
2024-12-09 13:12:55 [JavaFX Application Thread] INFO  project.snakegame.Snake - changing the direction of the snake
2024-12-09 13:12:55 [JavaFX Application Thread] INFO  project.snakegame.Main - the snake ate the apple
2024-12-09 13:12:55 [JavaFX Application Thread] INFO  project.snakegame.Snake - changing the direction of the snake
2024-12-09 13:12:56 [JavaFX Application Thread] INFO  project.snakegame.Snake - changing the direction of the snake
2024-12-09 13:12:56 [JavaFX Application Thread] INFO  project.snakegame.Snake - changing the direction of the snake
2024-12-09 13:12:56 [JavaFX Application Thread] INFO  project.snakegame.Snake - changing the direction of the snake
2024-12-09 13:12:56 [JavaFX Application Thread] INFO  project.snakegame.Snake - changing the direction of the snake
2024-12-09 13:12:56 [Thread-3] INFO  project.snakegame.Snake - the snake crashed into itself. The game is over
2024-12-09 13:14:07 [JavaFX Application Thread] INFO  project.snakegame.Main - the program has started with difficulty: Нормальный
2024-12-09 13:14:09 [JavaFX Application Thread] INFO  project.snakegame.Snake - changing the direction of the snake
2024-12-09 13:14:10 [JavaFX Application Thread] INFO  project.snakegame.Snake - changing the direction of the snake
2024-12-09 13:14:11 [JavaFX Application Thread] INFO  project.snakegame.Snake - changing the direction of the snake
2024-12-09 13:14:11 [JavaFX Application Thread] INFO  project.snakegame.Snake - changing the direction of the snake
2024-12-09 13:14:11 [JavaFX Application Thread] INFO  project.snakegame.Snake - changing the direction of the snake
2024-12-09 13:14:11 [JavaFX Application Thread] INFO  project.snakegame.Main - the snake ate the apple
2024-12-09 13:14:13 [JavaFX Application Thread] INFO  project.snakegame.Snake - changing the direction of the snake
2024-12-09 13:14:14 [JavaFX Application Thread] INFO  project.snakegame.Snake - changing the direction of the snake
2024-12-09 13:14:14 [JavaFX Application Thread] INFO  project.snakegame.Main - the snake ate the apple
2024-12-09 13:14:15 [JavaFX Application Thread] INFO  project.snakegame.Snake - changing the direction of the snake
2024-12-09 13:14:18 [JavaFX Application Thread] INFO  project.snakegame.Snake - changing the direction of the snake
2024-12-09 13:14:19 [JavaFX Application Thread] INFO  project.snakegame.Snake - changing the direction of the snake
2024-12-09 13:14:19 [JavaFX Application Thread] INFO  project.snakegame.Snake - changing the direction of the snake
2024-12-09 13:14:20 [JavaFX Application Thread] INFO  project.snakegame.Main - the snake ate the apple
2024-12-09 13:14:20 [JavaFX Application Thread] INFO  project.snakegame.Snake - changing the direction of the snake
2024-12-09 13:14:20 [JavaFX Application Thread] INFO  project.snakegame.Snake - changing the direction of the snake
2024-12-09 13:14:21 [JavaFX Application Thread] INFO  project.snakegame.Snake - changing the direction of the snake
2024-12-09 13:14:21 [JavaFX Application Thread] INFO  project.snakegame.Snake - changing the direction of the snake
2024-12-09 13:14:21 [Thread-3] INFO  project.snakegame.Snake - the snake crashed into itself. The game is over
2024-12-09 13:16:05 [JavaFX Application Thread] INFO  project.snakegame.Main - the program has started with difficulty: Нормальный
2024-12-09 13:16:06 [JavaFX Application Thread] INFO  project.snakegame.Snake - changing the direction of the snake
2024-12-09 13:16:06 [JavaFX Application Thread] INFO  project.snakegame.Snake - changing the direction of the snake
2024-12-09 13:16:09 [JavaFX Application Thread] INFO  project.snakegame.Snake - changing the direction of the snake
2024-12-09 13:16:10 [JavaFX Application Thread] INFO  project.snakegame.Snake - changing the direction of the snake
2024-12-09 13:16:10 [JavaFX Application Thread] INFO  project.snakegame.Snake - changing the direction of the snake
2024-12-09 13:16:11 [JavaFX Application Thread] INFO  project.snakegame.Snake - changing the direction of the snake
2024-12-09 13:16:12 [JavaFX Application Thread] INFO  project.snakegame.Snake - changing the direction of the snake
2024-12-09 13:16:12 [JavaFX Application Thread] INFO  project.snakegame.Snake - changing the direction of the snake
2024-12-09 13:16:12 [JavaFX Application Thread] INFO  project.snakegame.Main - the snake ate the apple
2024-12-09 13:16:13 [JavaFX Application Thread] INFO  project.snakegame.Snake - changing the direction of the snake
2024-12-09 13:16:13 [JavaFX Application Thread] INFO  project.snakegame.Snake - changing the direction of the snake
2024-12-09 13:16:13 [JavaFX Application Thread] INFO  project.snakegame.Snake - changing the direction of the snake
2024-12-09 13:16:13 [JavaFX Application Thread] INFO  project.snakegame.Snake - changing the direction of the snake
2024-12-09 13:16:13 [JavaFX Application Thread] INFO  project.snakegame.Snake - changing the direction of the snake
2024-12-09 13:16:13 [Thread-3] INFO  project.snakegame.Snake - the snake crashed into itself. The game is over
2024-12-09 13:26:37 [main] INFO  project.snakegame.Snake - changing the direction of the snake
2024-12-09 13:26:37 [main] INFO  project.snakegame.Snake - the snake crashed into itself. The game is over
2024-12-09 13:26:37 [main] INFO  project.snakegame.Snake - changing the direction of the snake
2024-12-09 13:26:37 [main] INFO  project.snakegame.Snake - the snake crashed into itself. The game is over
2024-12-09 13:26:37 [main] INFO  project.snakegame.Snake - changing the direction of the snake
2024-12-09 13:26:37 [main] INFO  project.snakegame.Snake - changing the direction of the snake
2024-12-09 13:26:37 [main] INFO  project.snakegame.Snake - changing the direction of the snake
2024-12-11 22:18:07 [main] INFO  project.snakegame.Snake - changing the direction of the snake
2024-12-11 22:18:07 [main] INFO  project.snakegame.Snake - the snake crashed into itself. The game is over
2024-12-11 22:18:07 [main] INFO  project.snakegame.Snake - changing the direction of the snake
2024-12-11 22:18:07 [main] INFO  project.snakegame.Snake - the snake crashed into itself. The game is over
2024-12-11 22:18:07 [main] INFO  project.snakegame.Snake - changing the direction of the snake
2024-12-11 22:18:07 [main] INFO  project.snakegame.Snake - changing the direction of the snake
2024-12-11 22:18:07 [main] INFO  project.snakegame.Snake - changing the direction of the snake
2024-12-11 22:24:15 [JavaFX Application Thread] INFO  project.snakegame.Main - the program has started with difficulty: Нормальный
2024-12-11 22:26:15 [JavaFX Application Thread] INFO  project.snakegame.Snake - changing the direction of the snake
2024-12-11 22:26:17 [JavaFX Application Thread] INFO  project.snakegame.Snake - changing the direction of the snake
2024-12-11 22:26:19 [JavaFX Application Thread] INFO  project.snakegame.Snake - changing the direction of the snake
2024-12-11 22:26:20 [JavaFX Application Thread] INFO  project.snakegame.Snake - changing the direction of the snake
2024-12-11 22:26:20 [JavaFX Application Thread] INFO  project.snakegame.Snake - changing the direction of the snake
2024-12-11 22:26:21 [JavaFX Application Thread] INFO  project.snakegame.Snake - changing the direction of the snake
2024-12-11 22:26:21 [JavaFX Application Thread] INFO  project.snakegame.Snake - changing the direction of the snake
2024-12-11 22:26:21 [Thread-3] INFO  project.snakegame.Snake - the snake crashed into itself. The game is over
2024-12-11 22:26:29 [JavaFX Application Thread] INFO  project.snakegame.Main - the program has started with difficulty: Нормальный
2024-12-11 22:26:30 [JavaFX Application Thread] INFO  project.snakegame.Snake - changing the direction of the snake
2024-12-11 22:26:30 [JavaFX Application Thread] INFO  project.snakegame.Snake - changing the direction of the snake
2024-12-11 22:26:31 [JavaFX Application Thread] INFO  project.snakegame.Main - the snake ate the apple
2024-12-11 22:28:11 [JavaFX Application Thread] INFO  project.snakegame.Snake - changing the direction of the snake
2024-12-11 22:28:12 [JavaFX Application Thread] INFO  project.snakegame.Snake - changing the direction of the snake
2024-12-11 22:28:12 [Thread-3] INFO  project.snakegame.Snake - the snake crashed into itself. The game is over
2024-12-11 22:28:15 [JavaFX Application Thread] INFO  project.snakegame.Snake - changing the direction of the snake
2024-12-11 22:28:22 [JavaFX Application Thread] INFO  project.snakegame.Main - the program has started with difficulty: Нормальный
2024-12-11 22:28:23 [JavaFX Application Thread] INFO  project.snakegame.Snake - changing the direction of the snake
2024-12-11 22:28:23 [JavaFX Application Thread] INFO  project.snakegame.Snake - changing the direction of the snake
2024-12-11 22:28:24 [JavaFX Application Thread] INFO  project.snakegame.Snake - changing the direction of the snake
2024-12-11 22:28:24 [JavaFX Application Thread] INFO  project.snakegame.Snake - changing the direction of the snake
2024-12-11 22:28:27 [JavaFX Application Thread] INFO  project.snakegame.Main - the snake ate the apple
2024-12-11 22:28:31 [JavaFX Application Thread] INFO  project.snakegame.Snake - changing the direction of the snake
2024-12-11 22:28:34 [JavaFX Application Thread] INFO  project.snakegame.Main - the snake ate the apple
2024-12-11 22:28:35 [JavaFX Application Thread] INFO  project.snakegame.Snake - changing the direction of the snake
2024-12-11 22:28:37 [JavaFX Application Thread] INFO  project.snakegame.Snake - changing the direction of the snake
2024-12-11 22:28:38 [JavaFX Application Thread] INFO  project.snakegame.Main - the snake ate the apple
2024-12-11 22:28:39 [JavaFX Application Thread] INFO  project.snakegame.Snake - changing the direction of the snake
2024-12-11 22:28:41 [JavaFX Application Thread] INFO  project.snakegame.Snake - changing the direction of the snake
2024-12-11 22:28:43 [JavaFX Application Thread] INFO  project.snakegame.Main - the snake ate the apple
2024-12-11 22:28:43 [JavaFX Application Thread] INFO  project.snakegame.Snake - changing the direction of the snake
2024-12-11 22:28:43 [JavaFX Application Thread] INFO  project.snakegame.Snake - changing the direction of the snake
2024-12-11 22:28:46 [JavaFX Application Thread] INFO  project.snakegame.Snake - changing the direction of the snake
2024-12-11 22:28:47 [JavaFX Application Thread] INFO  project.snakegame.Snake - changing the direction of the snake
2024-12-11 22:28:48 [JavaFX Application Thread] INFO  project.snakegame.Snake - changing the direction of the snake
2024-12-11 22:28:49 [JavaFX Application Thread] INFO  project.snakegame.Snake - changing the direction of the snake
2024-12-11 22:28:49 [JavaFX Application Thread] INFO  project.snakegame.Main - the snake ate the apple
2024-12-11 22:28:50 [JavaFX Application Thread] INFO  project.snakegame.Snake - changing the direction of the snake
2024-12-11 22:28:52 [JavaFX Application Thread] INFO  project.snakegame.Main - the snake ate the apple
2024-12-11 22:28:57 [JavaFX Application Thread] INFO  project.snakegame.Snake - changing the direction of the snake
2024-12-11 22:28:59 [JavaFX Application Thread] INFO  project.snakegame.Main - the snake ate the apple
2024-12-11 22:29:00 [JavaFX Application Thread] INFO  project.snakegame.Snake - changing the direction of the snake
2024-12-11 22:29:01 [JavaFX Application Thread] INFO  project.snakegame.Snake - changing the direction of the snake
2024-12-11 22:29:01 [JavaFX Application Thread] INFO  project.snakegame.Main - the snake ate the apple
2024-12-11 22:29:02 [JavaFX Application Thread] INFO  project.snakegame.Snake - changing the direction of the snake
2024-12-11 22:29:04 [JavaFX Application Thread] INFO  project.snakegame.Main - the snake ate the apple
2024-12-11 22:30:49 [JavaFX Application Thread] INFO  project.snakegame.Snake - changing the direction of the snake
2024-12-11 22:30:50 [JavaFX Application Thread] INFO  project.snakegame.Snake - changing the direction of the snake
2024-12-11 22:30:51 [JavaFX Application Thread] INFO  project.snakegame.Snake - changing the direction of the snake
2024-12-11 22:30:51 [JavaFX Application Thread] INFO  project.snakegame.Snake - changing the direction of the snake
2024-12-11 22:30:51 [Thread-3] INFO  project.snakegame.Snake - the snake crashed into itself. The game is over
2024-12-11 22:34:36 [JavaFX Application Thread] INFO  project.snakegame.Main - the program has started with difficulty: Нормальный
2024-12-11 22:34:37 [JavaFX Application Thread] INFO  project.snakegame.Snake - changing the direction of the snake
2024-12-11 22:34:38 [JavaFX Application Thread] INFO  project.snakegame.Snake - changing the direction of the snake
2024-12-11 22:34:38 [JavaFX Application Thread] INFO  project.snakegame.Snake - changing the direction of the snake
2024-12-11 22:34:38 [JavaFX Application Thread] INFO  project.snakegame.Snake - changing the direction of the snake
2024-12-11 22:34:38 [Thread-3] INFO  project.snakegame.Snake - the snake crashed into itself. The game is over
2024-12-11 22:34:38 [JavaFX Application Thread] INFO  project.snakegame.Snake - changing the direction of the snake
2024-12-11 22:34:38 [JavaFX Application Thread] INFO  project.snakegame.Snake - changing the direction of the snake
2024-12-11 22:34:38 [JavaFX Application Thread] INFO  project.snakegame.Snake - changing the direction of the snake
2024-12-11 22:34:58 [JavaFX Application Thread] INFO  project.snakegame.Main - the program has started with difficulty: Нормальный
2024-12-11 22:34:58 [JavaFX Application Thread] INFO  project.snakegame.Snake - changing the direction of the snake
2024-12-11 22:35:02 [JavaFX Application Thread] INFO  project.snakegame.Snake - changing the direction of the snake
2024-12-11 22:35:05 [JavaFX Application Thread] INFO  project.snakegame.Main - the snake ate the apple
2024-12-11 22:35:07 [JavaFX Application Thread] INFO  project.snakegame.Snake - changing the direction of the snake
2024-12-11 22:35:07 [JavaFX Application Thread] INFO  project.snakegame.Snake - changing the direction of the snake
2024-12-11 22:35:07 [JavaFX Application Thread] INFO  project.snakegame.Snake - changing the direction of the snake
2024-12-11 22:35:07 [Thread-3] INFO  project.snakegame.Snake - the snake crashed into itself. The game is over
2024-12-11 22:35:33 [JavaFX Application Thread] INFO  project.snakegame.Main - the program has started with difficulty: Нормальный
2024-12-11 22:35:36 [JavaFX Application Thread] INFO  project.snakegame.Snake - changing the direction of the snake
2024-12-11 22:35:36 [JavaFX Application Thread] INFO  project.snakegame.Snake - changing the direction of the snake
2024-12-11 22:35:36 [JavaFX Application Thread] INFO  project.snakegame.Snake - changing the direction of the snake
2024-12-11 22:35:37 [JavaFX Application Thread] INFO  project.snakegame.Snake - changing the direction of the snake
2024-12-11 22:35:38 [JavaFX Application Thread] INFO  project.snakegame.Snake - changing the direction of the snake
2024-12-11 22:35:39 [JavaFX Application Thread] INFO  project.snakegame.Snake - changing the direction of the snake
2024-12-11 22:35:40 [JavaFX Application Thread] INFO  project.snakegame.Snake - changing the direction of the snake
2024-12-11 22:35:40 [JavaFX Application Thread] INFO  project.snakegame.Snake - changing the direction of the snake
2024-12-11 22:35:41 [JavaFX Application Thread] INFO  project.snakegame.Snake - changing the direction of the snake
2024-12-11 22:35:41 [JavaFX Application Thread] INFO  project.snakegame.Snake - changing the direction of the snake
2024-12-11 22:35:42 [JavaFX Application Thread] INFO  project.snakegame.Snake - changing the direction of the snake
2024-12-11 22:35:42 [JavaFX Application Thread] INFO  project.snakegame.Snake - changing the direction of the snake
2024-12-11 22:35:43 [JavaFX Application Thread] INFO  project.snakegame.Snake - changing the direction of the snake
2024-12-11 22:35:44 [JavaFX Application Thread] INFO  project.snakegame.Snake - changing the direction of the snake
2024-12-11 22:35:44 [JavaFX Application Thread] INFO  project.snakegame.Snake - changing the direction of the snake
2024-12-11 22:35:45 [JavaFX Application Thread] INFO  project.snakegame.Snake - changing the direction of the snake
2024-12-11 22:35:45 [JavaFX Application Thread] INFO  project.snakegame.Snake - changing the direction of the snake
2024-12-11 22:35:46 [JavaFX Application Thread] INFO  project.snakegame.Snake - changing the direction of the snake
2024-12-11 22:35:46 [JavaFX Application Thread] INFO  project.snakegame.Snake - changing the direction of the snake
2024-12-11 22:35:47 [JavaFX Application Thread] INFO  project.snakegame.Snake - changing the direction of the snake
2024-12-11 22:35:47 [JavaFX Application Thread] INFO  project.snakegame.Snake - changing the direction of the snake
2024-12-11 22:35:48 [JavaFX Application Thread] INFO  project.snakegame.Snake - changing the direction of the snake
2024-12-11 22:35:48 [JavaFX Application Thread] INFO  project.snakegame.Snake - changing the direction of the snake
2024-12-11 22:35:49 [JavaFX Application Thread] INFO  project.snakegame.Snake - changing the direction of the snake
2024-12-11 22:35:49 [JavaFX Application Thread] INFO  project.snakegame.Snake - changing the direction of the snake
2024-12-11 22:35:50 [JavaFX Application Thread] INFO  project.snakegame.Snake - changing the direction of the snake
2024-12-11 22:35:52 [JavaFX Application Thread] INFO  project.snakegame.Snake - changing the direction of the snake
2024-12-11 22:35:52 [JavaFX Application Thread] INFO  project.snakegame.Snake - changing the direction of the snake
2024-12-11 22:35:53 [JavaFX Application Thread] INFO  project.snakegame.Snake - changing the direction of the snake
2024-12-11 22:35:53 [JavaFX Application Thread] INFO  project.snakegame.Snake - changing the direction of the snake
2024-12-11 22:35:55 [JavaFX Application Thread] INFO  project.snakegame.Snake - changing the direction of the snake
2024-12-11 22:35:55 [JavaFX Application Thread] INFO  project.snakegame.Snake - changing the direction of the snake
2024-12-11 22:35:56 [JavaFX Application Thread] INFO  project.snakegame.Snake - changing the direction of the snake
2024-12-11 22:35:56 [JavaFX Application Thread] INFO  project.snakegame.Snake - changing the direction of the snake
2024-12-11 22:35:56 [JavaFX Application Thread] INFO  project.snakegame.Snake - changing the direction of the snake
2024-12-11 22:35:57 [JavaFX Application Thread] INFO  project.snakegame.Snake - changing the direction of the snake
2024-12-11 22:35:57 [JavaFX Application Thread] INFO  project.snakegame.Snake - changing the direction of the snake
2024-12-11 22:35:57 [Thread-3] INFO  project.snakegame.Snake - the snake crashed into itself. The game is over
2024-12-11 22:42:58 [JavaFX Application Thread] INFO  project.snakegame.Main - the program has started with difficulty: Нормальный
2024-12-11 22:42:59 [JavaFX Application Thread] INFO  project.snakegame.Snake - changing the direction of the snake
2024-12-11 22:42:59 [JavaFX Application Thread] INFO  project.snakegame.Snake - changing the direction of the snake
2024-12-11 22:42:59 [JavaFX Application Thread] INFO  project.snakegame.Snake - changing the direction of the snake
2024-12-11 22:43:00 [JavaFX Application Thread] INFO  project.snakegame.Snake - changing the direction of the snake
2024-12-11 22:43:00 [JavaFX Application Thread] INFO  project.snakegame.Snake - changing the direction of the snake
2024-12-11 22:43:00 [JavaFX Application Thread] INFO  project.snakegame.Snake - changing the direction of the snake
2024-12-11 22:43:01 [JavaFX Application Thread] INFO  project.snakegame.Snake - changing the direction of the snake
2024-12-11 22:43:01 [JavaFX Application Thread] INFO  project.snakegame.Snake - changing the direction of the snake
2024-12-11 22:43:03 [JavaFX Application Thread] INFO  project.snakegame.Snake - changing the direction of the snake
2024-12-11 22:43:03 [JavaFX Application Thread] INFO  project.snakegame.Snake - changing the direction of the snake
2024-12-11 22:43:03 [Thread-3] INFO  project.snakegame.Snake - the snake crashed into itself. The game is over
2024-12-11 23:03:35 [main] INFO  project.snakegame.Snake - changing the direction of the snake
2024-12-11 23:03:35 [main] INFO  project.snakegame.Snake - the snake crashed into itself. The game is over
2024-12-11 23:03:35 [main] INFO  project.snakegame.Snake - changing the direction of the snake
2024-12-11 23:03:35 [main] INFO  project.snakegame.Snake - the snake crashed into itself. The game is over
2024-12-11 23:03:35 [main] INFO  project.snakegame.Snake - changing the direction of the snake
2024-12-11 23:03:35 [main] INFO  project.snakegame.Snake - changing the direction of the snake
2024-12-11 23:03:35 [main] INFO  project.snakegame.Snake - changing the direction of the snake
2024-12-12 18:34:38 [main] INFO  project.snakegame.Snake - changing the direction of the snake
2024-12-12 18:34:38 [main] INFO  project.snakegame.Snake - the snake crashed into itself. The game is over
2024-12-12 18:34:38 [main] INFO  project.snakegame.Snake - changing the direction of the snake
2024-12-12 18:34:38 [main] INFO  project.snakegame.Snake - the snake crashed into itself. The game is over
2024-12-12 18:34:38 [main] INFO  project.snakegame.Snake - changing the direction of the snake
2024-12-12 18:34:38 [main] INFO  project.snakegame.Snake - changing the direction of the snake
2024-12-12 18:34:38 [main] INFO  project.snakegame.Snake - changing the direction of the snake
2024-12-12 18:34:47 [JavaFX Application Thread] INFO  project.snakegame.Main - the program has started with difficulty: Нормальный
2024-12-12 18:34:49 [JavaFX Application Thread] INFO  project.snakegame.Snake - changing the direction of the snake
2024-12-12 18:34:52 [JavaFX Application Thread] INFO  project.snakegame.Snake - changing the direction of the snake
2024-12-12 18:34:53 [JavaFX Application Thread] INFO  project.snakegame.Main - the snake ate the apple
2024-12-12 18:34:53 [JavaFX Application Thread] INFO  project.snakegame.Snake - changing the direction of the snake
2024-12-12 18:34:54 [JavaFX Application Thread] INFO  project.snakegame.Snake - changing the direction of the snake
2024-12-12 18:34:55 [JavaFX Application Thread] INFO  project.snakegame.Main - the snake ate the apple
2024-12-12 18:34:55 [JavaFX Application Thread] INFO  project.snakegame.Snake - changing the direction of the snake
2024-12-12 18:34:56 [JavaFX Application Thread] INFO  project.snakegame.Snake - changing the direction of the snake
2024-12-12 18:34:57 [JavaFX Application Thread] INFO  project.snakegame.Snake - changing the direction of the snake
2024-12-12 18:34:58 [JavaFX Application Thread] INFO  project.snakegame.Snake - changing the direction of the snake
2024-12-12 18:34:58 [JavaFX Application Thread] INFO  project.snakegame.Snake - changing the direction of the snake
2024-12-12 18:34:59 [JavaFX Application Thread] INFO  project.snakegame.Snake - changing the direction of the snake
2024-12-12 18:34:59 [JavaFX Application Thread] INFO  project.snakegame.Snake - changing the direction of the snake
2024-12-12 18:34:59 [JavaFX Application Thread] INFO  project.snakegame.Main - the snake ate the apple
2024-12-12 18:35:00 [JavaFX Application Thread] INFO  project.snakegame.Snake - changing the direction of the snake
2024-12-12 18:35:00 [JavaFX Application Thread] INFO  project.snakegame.Snake - changing the direction of the snake
2024-12-12 18:35:01 [JavaFX Application Thread] INFO  project.snakegame.Snake - changing the direction of the snake
2024-12-12 18:35:02 [JavaFX Application Thread] INFO  project.snakegame.Snake - changing the direction of the snake
2024-12-12 18:35:03 [JavaFX Application Thread] INFO  project.snakegame.Main - the snake ate the apple
2024-12-12 18:35:03 [JavaFX Application Thread] INFO  project.snakegame.Snake - changing the direction of the snake
2024-12-12 18:35:03 [JavaFX Application Thread] INFO  project.snakegame.Snake - changing the direction of the snake
2024-12-12 18:35:04 [JavaFX Application Thread] INFO  project.snakegame.Snake - changing the direction of the snake
2024-12-12 18:35:04 [JavaFX Application Thread] INFO  project.snakegame.Snake - changing the direction of the snake
2024-12-12 18:35:05 [JavaFX Application Thread] INFO  project.snakegame.Snake - changing the direction of the snake
2024-12-12 18:35:05 [JavaFX Application Thread] INFO  project.snakegame.Snake - changing the direction of the snake
2024-12-12 18:35:06 [JavaFX Application Thread] INFO  project.snakegame.Main - the snake ate the apple
2024-12-12 18:35:06 [JavaFX Application Thread] INFO  project.snakegame.Snake - changing the direction of the snake
2024-12-12 18:35:07 [JavaFX Application Thread] INFO  project.snakegame.Snake - changing the direction of the snake
2024-12-12 18:35:08 [JavaFX Application Thread] INFO  project.snakegame.Snake - changing the direction of the snake
2024-12-12 18:35:08 [JavaFX Application Thread] INFO  project.snakegame.Snake - changing the direction of the snake
2024-12-12 18:35:09 [JavaFX Application Thread] INFO  project.snakegame.Snake - changing the direction of the snake
2024-12-12 18:35:09 [JavaFX Application Thread] INFO  project.snakegame.Main - the snake ate the apple
2024-12-12 18:35:11 [JavaFX Application Thread] INFO  project.snakegame.Snake - changing the direction of the snake
2024-12-12 18:35:11 [JavaFX Application Thread] INFO  project.snakegame.Snake - changing the direction of the snake
2024-12-12 18:35:12 [JavaFX Application Thread] INFO  project.snakegame.Snake - changing the direction of the snake
2024-12-12 18:35:13 [JavaFX Application Thread] INFO  project.snakegame.Main - the snake ate the apple
2024-12-12 18:35:14 [JavaFX Application Thread] INFO  project.snakegame.Snake - changing the direction of the snake
2024-12-12 18:35:15 [JavaFX Application Thread] INFO  project.snakegame.Main - the snake ate the apple
2024-12-12 18:35:15 [JavaFX Application Thread] INFO  project.snakegame.Snake - changing the direction of the snake
2024-12-12 18:35:18 [JavaFX Application Thread] INFO  project.snakegame.Snake - changing the direction of the snake
2024-12-12 18:35:19 [JavaFX Application Thread] INFO  project.snakegame.Main - the snake ate the apple
2024-12-12 18:35:19 [JavaFX Application Thread] INFO  project.snakegame.Snake - changing the direction of the snake
2024-12-12 18:35:23 [JavaFX Application Thread] INFO  project.snakegame.Snake - changing the direction of the snake
2024-12-12 18:35:24 [JavaFX Application Thread] INFO  project.snakegame.Main - the snake ate the apple
2024-12-12 18:35:24 [JavaFX Application Thread] INFO  project.snakegame.Snake - changing the direction of the snake
2024-12-12 18:35:25 [JavaFX Application Thread] INFO  project.snakegame.Snake - changing the direction of the snake
2024-12-12 18:35:25 [JavaFX Application Thread] INFO  project.snakegame.Snake - changing the direction of the snake
2024-12-12 18:35:25 [Thread-3] INFO  project.snakegame.Snake - the snake crashed into itself. The game is over
2024-12-12 18:36:50 [JavaFX Application Thread] INFO  project.snakegame.Main - the program has started with difficulty: Нормальный
2024-12-12 18:36:52 [JavaFX Application Thread] INFO  project.snakegame.Snake - changing the direction of the snake
2024-12-12 18:36:53 [JavaFX Application Thread] INFO  project.snakegame.Snake - changing the direction of the snake
2024-12-12 18:36:53 [JavaFX Application Thread] INFO  project.snakegame.Snake - changing the direction of the snake
2024-12-12 18:36:56 [JavaFX Application Thread] INFO  project.snakegame.Snake - changing the direction of the snake
2024-12-12 18:36:56 [JavaFX Application Thread] INFO  project.snakegame.Main - the snake ate the apple
2024-12-12 18:36:57 [JavaFX Application Thread] INFO  project.snakegame.Snake - changing the direction of the snake
2024-12-12 18:36:59 [JavaFX Application Thread] INFO  project.snakegame.Snake - changing the direction of the snake
2024-12-12 18:37:01 [JavaFX Application Thread] INFO  project.snakegame.Main - the snake ate the apple
2024-12-12 18:37:01 [JavaFX Application Thread] INFO  project.snakegame.Snake - changing the direction of the snake
2024-12-12 18:37:03 [JavaFX Application Thread] INFO  project.snakegame.Snake - changing the direction of the snake
2024-12-12 18:37:05 [JavaFX Application Thread] INFO  project.snakegame.Main - the snake ate the apple
2024-12-12 18:37:05 [JavaFX Application Thread] INFO  project.snakegame.Snake - changing the direction of the snake
2024-12-12 18:37:06 [JavaFX Application Thread] INFO  project.snakegame.Snake - changing the direction of the snake
2024-12-12 18:37:06 [JavaFX Application Thread] INFO  project.snakegame.Snake - changing the direction of the snake
2024-12-12 18:37:07 [JavaFX Application Thread] INFO  project.snakegame.Main - the snake ate the apple
2024-12-12 18:37:08 [JavaFX Application Thread] INFO  project.snakegame.Snake - changing the direction of the snake
2024-12-12 18:37:09 [JavaFX Application Thread] INFO  project.snakegame.Snake - changing the direction of the snake
2024-12-12 18:37:09 [JavaFX Application Thread] INFO  project.snakegame.Snake - changing the direction of the snake
2024-12-12 18:37:11 [JavaFX Application Thread] INFO  project.snakegame.Main - the snake ate the apple
2024-12-12 18:37:11 [JavaFX Application Thread] INFO  project.snakegame.Snake - changing the direction of the snake
2024-12-12 18:37:12 [JavaFX Application Thread] INFO  project.snakegame.Snake - changing the direction of the snake
2024-12-12 18:37:12 [JavaFX Application Thread] INFO  project.snakegame.Snake - changing the direction of the snake
2024-12-12 18:37:13 [JavaFX Application Thread] INFO  project.snakegame.Snake - changing the direction of the snake
2024-12-12 18:37:14 [JavaFX Application Thread] INFO  project.snakegame.Snake - changing the direction of the snake
2024-12-12 18:37:14 [JavaFX Application Thread] INFO  project.snakegame.Snake - changing the direction of the snake
2024-12-12 18:37:14 [JavaFX Application Thread] INFO  project.snakegame.Snake - changing the direction of the snake
2024-12-12 18:37:18 [JavaFX Application Thread] INFO  project.snakegame.Main - the snake ate the apple
2024-12-12 18:37:22 [JavaFX Application Thread] INFO  project.snakegame.Main - the snake ate the apple
2024-12-12 18:38:34 [JavaFX Application Thread] INFO  project.snakegame.Main - the program has started with difficulty: Нормальный
2024-12-12 18:44:17 [JavaFX Application Thread] INFO  project.snakegame.Main - the program has started with difficulty: Нормальный
2024-12-12 18:45:19 [JavaFX Application Thread] INFO  project.snakegame.Main - the program has started with difficulty: Нормальный
2024-12-12 18:46:25 [JavaFX Application Thread] INFO  project.snakegame.Main - the program has started with difficulty: Нормальный
2024-12-12 18:47:43 [JavaFX Application Thread] ERROR project.snakegame.Main - the user did not choose the difficulty
2024-12-12 18:47:43 [JavaFX Application Thread] INFO  project.snakegame.Main - the program has started with difficulty: Нормальный
2024-12-13 14:32:27 [JavaFX Application Thread] INFO  project.snakegame.Main - opening a window with a choice of difficulty
2024-12-13 14:32:28 [JavaFX Application Thread] INFO  project.snakegame.Main - the program has started with difficulty: Нормальный
2024-12-13 14:32:35 [JavaFX Application Thread] ERROR project.snakegame.Main - the user did not choose the difficulty
2024-12-13 14:32:40 [JavaFX Application Thread] INFO  project.snakegame.Main - opening a window with a choice of difficulty
2024-12-13 14:32:44 [JavaFX Application Thread] INFO  project.snakegame.Main - the program has started with difficulty: Нормальный
2024-12-13 14:33:19 [JavaFX Application Thread] INFO  project.snakegame.Main - opening a window with a choice of difficulty
2024-12-13 14:33:23 [JavaFX Application Thread] INFO  project.snakegame.Main - the program has started with difficulty: Нормальный
2024-12-13 14:36:13 [JavaFX Application Thread] INFO  project.snakegame.Main - opening a window with a choice of difficulty
2024-12-13 14:36:13 [JavaFX Application Thread] INFO  project.snakegame.Main - the program has started with difficulty: Нормальный
2024-12-13 14:36:32 [JavaFX Application Thread] INFO  project.snakegame.Main - opening a window with a choice of difficulty
2024-12-13 14:36:33 [JavaFX Application Thread] INFO  project.snakegame.Main - the program has started with difficulty: Нормальный
2024-12-13 14:36:47 [JavaFX Application Thread] INFO  project.snakegame.Main - opening a window with a choice of difficulty
2024-12-13 14:36:50 [JavaFX Application Thread] ERROR project.snakegame.Main - the user did not choose the difficulty
2024-12-13 14:38:24 [JavaFX Application Thread] INFO  project.snakegame.Main - opening a window with a choice of difficulty
2024-12-13 14:38:28 [JavaFX Application Thread] ERROR project.snakegame.Main - the user did not choose the difficulty
